# JRE version: OpenJDK Runtime Environment Temurin-21.0.7+6 (21.0.7+6) (build 21.0.7+6-LTS)
# Java VM: OpenJDK 64-Bit Server VM Temurin-21.0.7+6 (21.0.7+6-LTS, mixed mode, sharing, tiered, compressed oops, compressed class ptrs, g1 gc, windows-amd64)
GC Precious Log:
 CardTable entry size: 512
 Card Set container configuration: InlinePtr #cards 4 size 8 Array Of Cards #cards 32 size 80 Howl #buckets 8 coarsen threshold 7372 Howl Bitmap #cards 1024 size 144 coarsen threshold 921 Card regions per heap region 1 cards per card region 8192
 CPUs: 8 total, 8 available
 Memory: 20220M
 Large Page Support: Disabled
 NUMA Support: Disabled
 Compressed Oops: Enabled (Zero based)
 Heap Region Size: 4M
 Heap Min Capacity: 8M
 Heap Initial Capacity: 316M
 Heap Max Capacity: 6G
 Pre-touch: Disabled
 Parallel Workers: 8
 Concurrent Workers: 2
 Concurrent Refinement Workers: 8
 Periodic GC: Disabled
Heap:
 garbage-first heap   total 2027520K, used 1702266K [0x0000000680000000, 0x0000000800000000)
  region size 4096K, 12 young (49152K), 3 survivors (12288K)
 Metaspace       used 194482K, committed 199360K, reserved 1245184K
  class space    used 24285K, committed 26752K, reserved 1048576K
GC Heap History (20 events):
Event: 1148.807 GC heap before
{Heap before GC invocations=106 (full 0):
 garbage-first heap   total 1761280K, used 1507328K [0x0000000680000000, 0x0000000800000000)
  region size 4096K, 105 young (430080K), 9 survivors (36864K)
 Metaspace       used 190758K, committed 195072K, reserved 1245184K
  class space    used 23841K, committed 26048K, reserved 1048576K
}
Event: 1149.098 GC heap after
{Heap after GC invocations=107 (full 0):
 garbage-first heap   total 1761280K, used 1197579K [0x0000000680000000, 0x0000000800000000)
  region size 4096K, 14 young (57344K), 14 survivors (57344K)
 Metaspace       used 190758K, committed 195072K, reserved 1245184K
  class space    used 23841K, committed 26048K, reserved 1048576K
}
Event: 1159.622 GC heap before
{Heap before GC invocations=107 (full 0):
 garbage-first heap   total 1761280K, used 1226251K [0x0000000680000000, 0x0000000800000000)
  region size 4096K, 21 young (86016K), 14 survivors (57344K)
 Metaspace       used 190798K, committed 195136K, reserved 1245184K
  class space    used 23848K, committed 26048K, reserved 1048576K
}
Event: 1159.729 GC heap after
{Heap after GC invocations=108 (full 0):
 garbage-first heap   total 1761280K, used 1216512K [0x0000000680000000, 0x0000000800000000)
  region size 4096K, 3 young (12288K), 3 survivors (12288K)
 Metaspace       used 190798K, committed 195136K, reserved 1245184K
  class space    used 23848K, committed 26048K, reserved 1048576K
}
Event: 1187.270 GC heap before
{Heap before GC invocations=109 (full 0):
 garbage-first heap   total 2027520K, used 1310720K [0x0000000680000000, 0x0000000800000000)
  region size 4096K, 26 young (106496K), 3 survivors (12288K)
 Metaspace       used 190925K, committed 195328K, reserved 1245184K
  class space    used 23869K, committed 26112K, reserved 1048576K
}
Event: 1187.320 GC heap after
{Heap after GC invocations=110 (full 0):
 garbage-first heap   total 2027520K, used 1238523K [0x0000000680000000, 0x0000000800000000)
  region size 4096K, 4 young (16384K), 4 survivors (16384K)
 Metaspace       used 190925K, committed 195328K, reserved 1245184K
  class space    used 23869K, committed 26112K, reserved 1048576K
}
Event: 1346.723 GC heap before
{Heap before GC invocations=110 (full 0):
 garbage-first heap   total 2027520K, used 1717755K [0x0000000680000000, 0x0000000800000000)
  region size 4096K, 122 young (499712K), 4 survivors (16384K)
 Metaspace       used 191722K, committed 196224K, reserved 1245184K
  class space    used 23986K, committed 26304K, reserved 1048576K
}
Event: 1346.923 GC heap after
{Heap after GC invocations=111 (full 0):
 garbage-first heap   total 2027520K, used 1351210K [0x0000000680000000, 0x0000000800000000)
  region size 4096K, 16 young (65536K), 16 survivors (65536K)
 Metaspace       used 191722K, committed 196224K, reserved 1245184K
  class space    used 23986K, committed 26304K, reserved 1048576K
}
Event: 1417.136 GC heap before
{Heap before GC invocations=111 (full 0):
 garbage-first heap   total 2027520K, used 1601066K [0x0000000680000000, 0x0000000800000000)
  region size 4096K, 77 young (315392K), 16 survivors (65536K)
 Metaspace       used 192127K, committed 196672K, reserved 1245184K
  class space    used 24044K, committed 26368K, reserved 1048576K
}
Event: 1417.353 GC heap after
{Heap after GC invocations=112 (full 0):
 garbage-first heap   total 2027520K, used 1412399K [0x0000000680000000, 0x0000000800000000)
  region size 4096K, 10 young (40960K), 10 survivors (40960K)
 Metaspace       used 192127K, committed 196672K, reserved 1245184K
  class space    used 24044K, committed 26368K, reserved 1048576K
}
Event: 1518.491 GC heap before
{Heap before GC invocations=112 (full 0):
 garbage-first heap   total 2027520K, used 1727791K [0x0000000680000000, 0x0000000800000000)
  region size 4096K, 87 young (356352K), 10 survivors (40960K)
 Metaspace       used 192689K, committed 197376K, reserved 1245184K
  class space    used 24116K, committed 26496K, reserved 1048576K
}
Event: 1518.715 GC heap after
{Heap after GC invocations=113 (full 0):
 garbage-first heap   total 2027520K, used 1488740K [0x0000000680000000, 0x0000000800000000)
  region size 4096K, 11 young (45056K), 11 survivors (45056K)
 Metaspace       used 192689K, committed 197376K, reserved 1245184K
  class space    used 24116K, committed 26496K, reserved 1048576K
}
Event: 1605.352 GC heap before
{Heap before GC invocations=113 (full 0):
 garbage-first heap   total 2027520K, used 1738596K [0x0000000680000000, 0x0000000800000000)
  region size 4096K, 72 young (294912K), 11 survivors (45056K)
 Metaspace       used 193106K, committed 197824K, reserved 1245184K
  class space    used 24175K, committed 26624K, reserved 1048576K
}
Event: 1605.580 GC heap after
{Heap after GC invocations=114 (full 0):
 garbage-first heap   total 2027520K, used 1552384K [0x0000000680000000, 0x0000000800000000)
  region size 4096K, 9 young (36864K), 9 survivors (36864K)
 Metaspace       used 193106K, committed 197824K, reserved 1245184K
  class space    used 24175K, committed 26624K, reserved 1048576K
}
Event: 1679.544 GC heap before
{Heap before GC invocations=114 (full 0):
 garbage-first heap   total 2027520K, used 1789952K [0x0000000680000000, 0x0000000800000000)
  region size 4096K, 67 young (274432K), 9 survivors (36864K)
 Metaspace       used 194166K, committed 199040K, reserved 1245184K
  class space    used 24229K, committed 26688K, reserved 1048576K
}
Event: 1679.854 GC heap after
{Heap after GC invocations=115 (full 0):
 garbage-first heap   total 2027520K, used 1613147K [0x0000000680000000, 0x0000000800000000)
  region size 4096K, 9 young (36864K), 9 survivors (36864K)
 Metaspace       used 194166K, committed 199040K, reserved 1245184K
  class space    used 24229K, committed 26688K, reserved 1048576K
}
Event: 1727.492 GC heap before
{Heap before GC invocations=115 (full 0):
 garbage-first heap   total 2027520K, used 1744219K [0x0000000680000000, 0x0000000800000000)
  region size 4096K, 41 young (167936K), 9 survivors (36864K)
 Metaspace       used 194341K, committed 199232K, reserved 1245184K
  class space    used 24261K, committed 26752K, reserved 1048576K
}
Event: 1728.080 GC heap after
{Heap after GC invocations=116 (full 0):
 garbage-first heap   total 2027520K, used 1648100K [0x0000000680000000, 0x0000000800000000)
  region size 4096K, 6 young (24576K), 6 survivors (24576K)
 Metaspace       used 194341K, committed 199232K, reserved 1245184K
  class space    used 24261K, committed 26752K, reserved 1048576K
}
Event: 1747.522 GC heap before
{Heap before GC invocations=116 (full 0):
 garbage-first heap   total 2027520K, used 1721828K [0x0000000680000000, 0x0000000800000000)
  region size 4096K, 24 young (98304K), 6 survivors (24576K)
 Metaspace       used 194442K, committed 199360K, reserved 1245184K
  class space    used 24278K, committed 26752K, reserved 1048576K
}
Event: 1747.590 GC heap after
{Heap after GC invocations=117 (full 0):
 garbage-first heap   total 2027520K, used 1669498K [0x0000000680000000, 0x0000000800000000)
  region size 4096K, 3 young (12288K), 3 survivors (12288K)
 Metaspace       used 194442K, committed 199360K, reserved 1245184K
  class space    used 24278K, committed 26752K, reserved 1048576K
}

